2023-05-29 19:32:16 [restartedMain] INFO  c.z.logger.LoggingApplicationDemo -
                Starting LoggingApplicationDemo using Java 19.0.2 with PID 18012 (D:\Java Core\logger\target\classes started by Deepanshu Singh in D:\Java Core\logger)
2023-05-29 19:32:16 [restartedMain] DEBUG c.z.logger.LoggingApplicationDemo -
                Running with Spring Boot v3.1.0, Spring v6.0.9
2023-05-29 19:32:16 [restartedMain] INFO  c.z.logger.LoggingApplicationDemo -
                No active profile set, falling back to 1 default profile: "default"
2023-05-29 19:32:18 [restartedMain] INFO  c.z.logger.LoggingApplicationDemo -
                Started LoggingApplicationDemo in 2.527 seconds (process running for 3.465)
2023-05-29 19:33:18 [http-nio-8080-exec-1] DEBUG c.z.logger.LoggingApplicationDemo -
                Request Deepans
2023-05-29 19:33:20 [http-nio-8080-exec-1] DEBUG c.z.logger.LoggingApplicationDemo -
                Response Hi Deepans welcome to Logging Application.
2023-05-29 19:33:29 [http-nio-8080-exec-2] DEBUG c.z.logger.LoggingApplicationDemo -
                Request test
2023-05-29 19:33:54 [http-nio-8080-exec-4] DEBUG c.z.logger.LoggingApplicationDemo -
                Request Deep
2023-05-29 19:33:54 [http-nio-8080-exec-4] DEBUG c.z.logger.LoggingApplicationDemo -
                Response Hi Deep welcome to Logging Application.
2023-05-29 19:33:59 [http-nio-8080-exec-5] DEBUG c.z.logger.LoggingApplicationDemo -
                Request test
